........................................................................ [ 51%]
....................................................................     [100%]
=============================== warnings summary ===============================
    ParserElement.enablePackrat()

    quoted_identifier = QuotedString('"', escChar="\\", unquoteResults=True)

    quoted_identifier = QuotedString('"', escChar="\\", unquoteResults=True)










-- Docs: https://docs.pytest.org/en/stable/how-to/capture-warnings.html
================================ tests coverage ================================
_______________ coverage: platform darwin, python 3.9.6-final-0 ________________

Name                                    Stmts   Miss  Cover   Missing
---------------------------------------------------------------------
agents/__init__.py                          0      0   100%
agents/claude_agent.py                      0      0   100%
agents/command_builder.py                  19      0   100%
agents/copilot_agent.py                    14     14     0%   6-41
agents/dispatcher.py                       57      4    93%   166-167, 172-173
agents/file_watcher.py                     34     34     0%   5-60
agents/prompt_refiner.py                    5      5     0%   6-83
database/__init__.py                        0      0   100%
database/connection.py                     96     96     0%   2-276
database/models.py                        677    226    67%   19-23, 29, 37, 44-48, 64, 66, 73, 79-82, 103-108, 135-137, 150-151, 154-155, 163-164, 214-221, 238-240, 251-257, 271, 301-302, 306-309, 318, 331, 375-399, 403-415, 433-435, 439-440, 447-450, 488-500, 512-525, 534-546, 550-552, 556-558, 562-588, 610-621, 641-642, 646-647, 654-665, 707-708, 712-716, 720-721, 734-743, 784-794, 831-833, 904, 916-921, 953, 960-963, 981, 998, 1009, 1023-1024, 1039-1053, 1064-1077, 1093-1095, 1110-1115, 1140, 1144, 1157-1164, 1179, 1188, 1208, 1222, 1324, 1327, 1353-1354, 1384-1387, 1419-1420, 1489-1491
database/sidecar_store.py                 101     41    59%   20, 82-83, 87, 100-131, 135-149, 153-165, 176-193, 214, 233, 252, 255
database/supabase_client.py                16      3    81%   26-30
demo.py                                    18     18     0%   1-33
main.py                                  1048    535    49%   24-25, 56-64, 93-94, 138-140, 184-201, 211, 220-225, 231-236, 372, 376-381, 386, 388, 393-398, 407-411, 417, 421, 438, 443, 446, 448, 453-455, 461, 464-472, 477-526, 531-533, 538-539, 544-545, 550-551, 557-563, 571-577, 582, 590-591, 599-600, 627-628, 640-646, 651-673, 678, 687-694, 699-700, 706, 711, 719-720, 733-750, 767-910, 928, 931-935, 964, 977-990, 1022-1025, 1126, 1129-1142, 1145-1152, 1167-1169, 1175, 1225-1226, 1230-1245, 1249-1251, 1255-1257, 1264-1267, 1278-1280, 1289-1304, 1312-1314, 1320-1322, 1328-1330, 1338-1341, 1349-1365, 1374-1380, 1389-1394, 1402-1414, 1431-1437, 1505, 1515-1517, 1528, 1559-1595, 1606, 1612-1621, 1661-1712, 1726-1750, 1759-1766, 1778-1793, 1802-1807, 1816-1820, 1827-1829, 1834-1848, 1853-1855, 1860-1879, 1884-1886, 1896-1898, 1911-1922, 1931-2009
services/llm.py                            33      6    82%   23, 72, 74, 78-80
services/phone_verification.py             39      2    95%   28, 30
services/security_analyzer.py              69     44    36%   35-43, 47-52, 56-61, 72-102, 140, 157-164
services/telegram.py                       38     17    55%   15, 21-24, 41-45, 50-56
services/transcription.py                  19     11    42%   17-25, 37-44
tests/__init__.py                           0      0   100%
tests/conftest.py                         189     29    85%   38-39, 71-72, 89-90, 107, 110, 112-113, 115, 121-122, 124, 126, 128, 130-134, 139, 152-154, 158, 206, 224, 238
tests/test_api.py                          83      0   100%
tests/test_api_endpoints.py               161     11    93%   31-33, 62-73
tests/test_call_sessions.py                44      0   100%
tests/test_command_builder.py              94      0   100%
tests/test_companion_models.py             39      0   100%
tests/test_dispatch.py                     63      0   100%
tests/test_dispatcher.py                  139      0   100%
tests/test_models.py                      119      0   100%
tests/test_models_supabase.py             174      7    96%   157-162, 250
tests/test_phone_verification.py           86      0   100%
tests/test_security_analyzer.py            12      0   100%
tests/test_telegram.py                     68      0   100%
tests/test_unified_pipeline_models.py      78      0   100%
---------------------------------------------------------------------
TOTAL                                    3632   1103    70%
140 passed, 12 warnings in 2.40s
