Coverage Report — Demo 4 (updated)
Tool: pytest-cov
Date: 2026-04-09
Tests: 229 passed

Name                                    Stmts   Miss  Cover   Missing
---------------------------------------------------------------------
agents/__init__.py                          0      0   100%
agents/claude_agent.py                      0      0   100%
agents/command_builder.py                  19      0   100%
agents/copilot_agent.py                    14     14     0%   6-41
agents/dispatcher.py                       57      4    93%   166-167, 172-173
agents/file_watcher.py                     34     34     0%   5-60
agents/prompt_refiner.py                    5      5     0%   6-83
database/__init__.py                        0      0   100%
database/connection.py                     96     96     0%   2-276
database/models.py                        677    189    72%   37, 44-48, 64, 66, 73, 150-151, 154-155, 163-164, 214-221, 238-240, 251-257, 301-302, 306-309, 375-399, 433-435, 439-440, 488-500, 512-525, 534-546, 550-552, 556-558, 562-588, 610-621, 641-642, 646-647, 654-665, 707-708, 712-716, 720-721, 734-743, 784-794, 831-833, 904, 916-921, 953, 960-963, 981, 998, 1009, 1039-1053, 1064-1077, 1093-1095, 1110-1115, 1140, 1144, 1157-1164, 1179, 1188, 1208, 1222, 1324, 1327, 1353-1354, 1384-1387, 1419-1420, 1489-1491
database/sidecar_store.py                 101     41    59%   20, 82-83, 87, 100-131, 135-149, 153-165, 176-193, 214, 233, 252, 255
database/supabase_client.py                16      3    81%   26-30
main.py                                  1048    535    49%
mutmut_config.py                            5      5     0%   1-11
services/llm.py                            33      6    82%   23, 72, 74, 78-80
services/phone_verification.py             39      2    95%   28, 30
services/security_analyzer.py              69     31    55%   35-43, 78-108, 169-176
services/telegram.py                       38     17    55%   15, 21-24, 41-45, 50-56
services/transcription.py                  19     11    42%   17-25, 37-44
tests/__init__.py                           0      0   100%
tests/conftest.py                         189     29    85%
tests/test_api.py                          83      0   100%
tests/test_api_endpoints.py               161     11    93%
tests/test_call_sessions.py                44      0   100%
tests/test_command_builder.py              94      0   100%
tests/test_companion_models.py             39      0   100%
tests/test_dispatch.py                     63      0   100%
tests/test_dispatcher.py                  139      0   100%
tests/test_models.py                      345      0   100%
tests/test_models_supabase.py             174      7    96%
tests/test_phone_verification.py           86      0   100%
tests/test_property_based.py               61      0   100%
tests/test_security_analyzer.py           114      0   100%
tests/test_telegram.py                     68      0   100%
tests/test_unified_pipeline_models.py      78      0   100%
---------------------------------------------------------------------
TOTAL                                    4026   1058    74%

229 passed, 12 warnings

=== Highlight modules ===

agents/command_builder.py   — 100%
agents/dispatcher.py        — 93%
services/phone_verification.py — 95%
database/models.py          — 72%  (up from 67% — 41 new tests added)

=== Progress since Demo 4 initial submission ===

Tests:   140 → 229  (+89 tests)
Coverage: 70% → 74%  (+4 points)
New test files: test_property_based.py (Hypothesis property-based tests)
