============================= test session starts =============================
platform win32 -- Python 3.14.3, pytest-9.0.2, pluggy-1.6.0
rootdir: C:\Users\paule\dispatch\server
configfile: pytest.ini
plugins: anyio-4.12.1, asyncio-1.3.0
asyncio: mode=Mode.STRICT, debug=False, asyncio_default_fixture_loop_scope=None, asyncio_default_test_loop_scope=function
collected 4 items

tests\test_telegram.py ...F                                              [100%]

================================== FAILURES ===================================
_______________________ test_telegram_webhook_new_user ________________________

mock_log = <MagicMock name='log_agent_event_task' id='1816857246896'>
mock_intent = <AsyncMock name='parse_intent' id='1816859303216'>
mock_projects = <MagicMock name='get_user_projects' id='1816859302208'>
mock_upsert = <MagicMock name='upsert_user' id='1816859303552'>
mock_get_user = <MagicMock name='get_user_id_by_telegram_chat_id' id='1816859302544'>
mock_send = <AsyncMock name='send_telegram_message' id='1816859301536'>
mock_telegram_env = None

    @patch("main.send_telegram_message", new_callable=AsyncMock)
    @patch("main.models.get_user_id_by_telegram_chat_id")
    @patch("main.models.upsert_user")
    @patch("main.models.get_user_projects")
    @patch("main.parse_intent")
    @patch("main.models.log_agent_event_task")
    def test_telegram_webhook_new_user(mock_log, mock_intent, mock_projects, mock_upsert, mock_get_user, mock_send, mock_telegram_env):
        """Test that a new user is created and welcomed, and processing continues."""
        # Simulate DB and LLM behavior
        mock_get_user.return_value = None
        mock_projects.return_value = []
        mock_intent.return_value = {"intent": "unknown"}
    
        payload = {
            "update_id": 1,
            "message": {
                "chat": {"id": 999111},
                "text": "Hello bot"
            }
        }
    
        response = client.post("/api/telegram/webhook", json=payload)
    
        assert response.status_code == 200
>       assert response.json()["status"] == "success"
E       AssertionError: assert 'error' == 'success'
E         
E         - success
E         + error

tests\test_telegram.py:86: AssertionError
------------------------------ Captured log call ------------------------------
ERROR    callstack.api:main.py:959 telegram_webhook error=Error 23503:
Message: insert or update on table "user_preferences" violates foreign key constraint "user_preferences_user_id_fkey"
Details: Key (user_id)=(tg_999111) is not present in table "users". trace=Traceback (most recent call last):
  File "C:\Users\paule\dispatch\server\main.py", line 947, in telegram_webhook
    terminal_granted = models.get_terminal_access_for_user(user_id)
  File "C:\Users\paule\dispatch\server\database\models.py", line 212, in get_terminal_access_for_user
    prefs = get_user_preferences(user_id)
  File "C:\Users\paule\dispatch\server\database\models.py", line 182, in get_user_preferences
    _ensure_user_preferences_row(user_id)
    ~~~~~~~~~~~~~~~~~~~~~~~~~~~~^^^^^^^^^
  File "C:\Users\paule\dispatch\server\database\models.py", line 178, in _ensure_user_preferences_row
    ).execute()
      ~~~~~~~^^
  File "C:\Users\paule\AppData\Local\Python\pythoncore-3.14-64\Lib\site-packages\postgrest\_sync\request_builder.py", line 53, in execute
    raise APIError(dict(json_obj))
postgrest.exceptions.APIError: {'message': 'insert or update on table "user_preferences" violates foreign key constraint "user_preferences_user_id_fkey"', 'code': '23503', 'hint': None, 'details': 'Key (user_id)=(tg_999111) is not present in table "users".'}
============================== warnings summary ===============================
tests/test_telegram.py::test_send_telegram_message
  C:\Users\paule\dispatch\server\services\telegram.py:23: RuntimeWarning: coroutine 'AsyncMockMixin._execute_mock_call' was never awaited
    response.raise_for_status()
  Enable tracemalloc to get traceback where the object was allocated.
  See https://docs.pytest.org/en/stable/how-to/capture-warnings.html#resource-warnings for more info.

tests/test_telegram.py::test_telegram_webhook_new_user
  C:\Users\paule\AppData\Local\Python\pythoncore-3.14-64\Lib\site-packages\supabase\_sync\client.py:309: DeprecationWarning: The 'timeout' parameter is deprecated. Please configure it in the http client instead.
    return SyncPostgrestClient(

tests/test_telegram.py::test_telegram_webhook_new_user
  C:\Users\paule\AppData\Local\Python\pythoncore-3.14-64\Lib\site-packages\supabase\_sync\client.py:309: DeprecationWarning: The 'verify' parameter is deprecated. Please configure it in the http client instead.
    return SyncPostgrestClient(

-- Docs: https://docs.pytest.org/en/stable/how-to/capture-warnings.html
=========================== short test summary info ===========================
FAILED tests/test_telegram.py::test_telegram_webhook_new_user - AssertionErro...
=================== 1 failed, 3 passed, 3 warnings in 3.43s ===================
